Build started 2015/12/5 16:08:56.
     1>Project "C:\Users\小样儿\Downloads\FruitBurglar-master\GSMWinStep\GSMWinStep\GSMWinStep.vcxproj" on node 2 (Build target(s)).
     1>ClCompile:
         C:\Program Files (x86)\Microsoft Visual Studio 12.0\VC\bin\CL.exe /c /ZI /nologo /W3 /WX- /sdl /Od /Oy- /D WIN32 /D _DEBUG /D _WINDOWS /D _MBCS /Gm /EHsc /RTC1 /MDd /GS /fp:precise /Zc:wchar_t /Zc:forScope /Fo"Debug\\" /Fd"Debug\vc120.pdb" /Gd /TC /analyze- /errorReport:prompt  /D _CRT_SECURE_NO_WARNINGS GameStateManager.c Input.c Level1.c Level2.c main.c Menu.c System.c
         System.c
         Menu.c
         main.c
         Level2.c
         Level1.c
         Input.c
         GameStateManager.c
         Generating Code...
       Link:
         C:\Program Files (x86)\Microsoft Visual Studio 12.0\VC\bin\link.exe /ERRORREPORT:PROMPT /OUT:"C:\Users\小样儿\Downloads\FruitBurglar-master\GSMWinStep\Debug\GSMWinStep.exe" /INCREMENTAL /NOLOGO kernel32.lib user32.lib gdi32.lib winspool.lib comdlg32.lib advapi32.lib shell32.lib ole32.lib oleaut32.lib uuid.lib odbc32.lib odbccp32.lib /MANIFEST /MANIFESTUAC:"level='asInvoker' uiAccess='false'" /manifest:embed /DEBUG /PDB:"C:\Users\小样儿\Downloads\FruitBurglar-master\GSMWinStep\Debug\GSMWinStep.pdb" /SUBSYSTEM:WINDOWS /TLBID:1 /DYNAMICBASE /NXCOMPAT /IMPLIB:"C:\Users\小样儿\Downloads\FruitBurglar-master\GSMWinStep\Debug\GSMWinStep.lib" /MACHINE:X86 Debug\GameStateManager.obj
         Debug\Input.obj
         Debug\Level1.obj
         Debug\Level2.obj
         Debug\main.obj
         Debug\Menu.obj
         Debug\System.obj
         Alpha_Engine.lib
         GSMWinStep.vcxproj -> C:\Users\小样儿\Downloads\FruitBurglar-master\GSMWinStep\Debug\GSMWinStep.exe
     1>Done Building Project "C:\Users\小样儿\Downloads\FruitBurglar-master\GSMWinStep\GSMWinStep\GSMWinStep.vcxproj" (Build target(s)).

Build succeeded.

Time Elapsed 00:00:07.97
